<?xml version='1.0'?>
<ns2:test-suite xmlns:ns2='urn:model.allure.qatools.yandex.ru' start='1671084359009' stop='1671084384068'>
    <name>Home page</name>
    <title>Home page</title>
    <test-cases>
        <test-case start='1671084359013' status='passed' stop='1671084373520'>
            <name>Verify title in homepage</name>
            <title>Verify title in homepage</title>
            <labels>
                <label name='language' value='javascript'/>
                <label name='framework' value='wdio'/>
                <label name='thread' value='0-2'/>
                <label name='language' value='javascript'/>
                <label name='framework' value='wdio'/>
                <label name='thread' value='0-2'/>
            </labels>
            <parameters>
                <parameter kind='argument' name='browser' value='chrome-108.0.5359.99'/>
                <parameter kind='argument' name='browser' value='chrome-108.0.5359.99'/>
            </parameters>
            <steps/>
            <attachments/>
        </test-case>
        <test-case start='1671084373521' status='pending' stop='1671084373521'>
            <name>Verify title in about page</name>
            <title>Verify title in about page</title>
            <labels/>
            <parameters/>
            <steps/>
            <attachments/>
            <failure>
                <message>Test ignored</message>
                <stack-trace>undefined</stack-trace>
            </failure>
        </test-case>
        <test-case start='1671084373521' status='passed' stop='1671084378815'>
            <name>Click on get Started and validate Url</name>
            <title>Click on get Started and validate Url</title>
            <labels>
                <label name='language' value='javascript'/>
                <label name='framework' value='wdio'/>
                <label name='thread' value='0-2'/>
                <label name='language' value='javascript'/>
                <label name='framework' value='wdio'/>
                <label name='thread' value='0-2'/>
            </labels>
            <parameters>
                <parameter kind='argument' name='browser' value='chrome-108.0.5359.99'/>
                <parameter kind='argument' name='browser' value='chrome-108.0.5359.99'/>
            </parameters>
            <steps/>
            <attachments/>
        </test-case>
        <test-case start='1671084378816' status='failed' stop='1671084384067'>
            <name>Find the heading element and assert text</name>
            <title>Find the heading element and assert text</title>
            <labels>
                <label name='language' value='javascript'/>
                <label name='framework' value='wdio'/>
                <label name='thread' value='0-2'/>
                <label name='language' value='javascript'/>
                <label name='framework' value='wdio'/>
                <label name='thread' value='0-2'/>
            </labels>
            <parameters>
                <parameter kind='argument' name='browser' value='chrome-108.0.5359.99'/>
                <parameter kind='argument' name='browser' value='chrome-108.0.5359.99'/>
            </parameters>
            <steps/>
            <attachments/>
            <failure>
                <message>expect(received).toEqual(expected) // deep equality
                
                Expected: "Think different. Make different!"
                Received: "Think different. Make different."</message>
                <stack-trace>Error: expect(received).toEqual(expected) // deep equality
                
                Expected: "Think different. Make different!"
                Received: "Think different. Make different."
                    at Context.&lt;anonymous> (C:\Users\ViSHAL BHATT\Desktop\vishal_WebdriverIO\wdio_course\test\specs\/home.js:34:35)
                    at processTicksAndRejections (node:internal/process/task_queues:96:5)</stack-trace>
            </failure>
        </test-case>
    </test-cases>
</ns2:test-suite>