<?xml version='1.0'?>
<ns2:test-suite xmlns:ns2='urn:model.allure.qatools.yandex.ru' start='1671188461209' stop='1671188479074'>
    <name>Home page</name>
    <title>Home page</title>
    <test-cases>
        <test-case start='1671188461210' status='passed' stop='1671188470363'>
            <name>Verify title in homepage</name>
            <title>Verify title in homepage</title>
            <labels>
                <label name='language' value='javascript'/>
                <label name='framework' value='wdio'/>
                <label name='thread' value='0-2'/>
                <label name='language' value='javascript'/>
                <label name='framework' value='wdio'/>
                <label name='thread' value='0-2'/>
            </labels>
            <parameters>
                <parameter kind='argument' name='browser' value='chrome-108.0.5359.100'/>
                <parameter kind='argument' name='browser' value='chrome-108.0.5359.100'/>
            </parameters>
            <steps/>
            <attachments>
                <attachment title='Screenshot' source='fe308cef-2452-4f1e-9b9d-7a6da28f6e7a-attachment.png' type='image/png' size='176587'/>
            </attachments>
        </test-case>
        <test-case start='1671188470364' status='pending' stop='1671188470364'>
            <name>Verify title in about page</name>
            <title>Verify title in about page</title>
            <labels/>
            <parameters/>
            <steps/>
            <attachments/>
            <failure>
                <message>Test ignored</message>
                <stack-trace>undefined</stack-trace>
            </failure>
        </test-case>
        <test-case start='1671188470365' status='passed' stop='1671188476067'>
            <name>Click on get Started and validate Url</name>
            <title>Click on get Started and validate Url</title>
            <labels>
                <label name='language' value='javascript'/>
                <label name='framework' value='wdio'/>
                <label name='thread' value='0-2'/>
                <label name='language' value='javascript'/>
                <label name='framework' value='wdio'/>
                <label name='thread' value='0-2'/>
            </labels>
            <parameters>
                <parameter kind='argument' name='browser' value='chrome-108.0.5359.100'/>
                <parameter kind='argument' name='browser' value='chrome-108.0.5359.100'/>
            </parameters>
            <steps/>
            <attachments>
                <attachment title='Screenshot' source='05a70776-4ac7-478f-a82d-f2f6dc2c86c2-attachment.png' type='image/png' size='177700'/>
            </attachments>
        </test-case>
        <test-case start='1671188476068' status='failed' stop='1671188479073'>
            <name>Find the heading element and assert text</name>
            <title>Find the heading element and assert text</title>
            <labels>
                <label name='language' value='javascript'/>
                <label name='framework' value='wdio'/>
                <label name='thread' value='0-2'/>
                <label name='language' value='javascript'/>
                <label name='framework' value='wdio'/>
                <label name='thread' value='0-2'/>
            </labels>
            <parameters>
                <parameter kind='argument' name='browser' value='chrome-108.0.5359.100'/>
                <parameter kind='argument' name='browser' value='chrome-108.0.5359.100'/>
            </parameters>
            <steps/>
            <attachments>
                <attachment title='Screenshot' source='863b0455-3d24-4e71-9b00-300c9ec08b35-attachment.png' type='image/png' size='177700'/>
            </attachments>
            <failure>
                <message>expect(received).toEqual(expected) // deep equality
                
                Expected: "Think different. Make different!"
                Received: "Think different. Make different."</message>
                <stack-trace>Error: expect(received).toEqual(expected) // deep equality
                
                Expected: "Think different. Make different!"
                Received: "Think different. Make different."
                    at Context.&lt;anonymous> (C:\Users\ViSHAL BHATT\Desktop\vishal_WebdriverIO\wdio_course\test\specs\/home.js:34:35)
                    at processTicksAndRejections (node:internal/process/task_queues:96:5)</stack-trace>
            </failure>
        </test-case>
    </test-cases>
</ns2:test-suite>